androidApp/build/intermediates/manifest_merge_blame_file/debug/manifest-merger-blame-debug-report.txt
1<?xml version="1.0" encoding="utf-8"?>
2<manifest xmlns:android="http://schemas.android.com/apk/res/android"
3    package="ru.dkkovalev.serics.androidApp"
4    android:versionCode="1"
5    android:versionName="1.0" >
6
7    <uses-sdk
8        android:minSdkVersion="24"
8-->src/main/AndroidManifest.xml
9        android:targetSdkVersion="29" />
9-->src/main/AndroidManifest.xml
10
11    <uses-permission android:name="android.permission.INTERNET" />
11-->src/main/AndroidManifest.xml:5:5-67
11-->src/main/AndroidManifest.xml:5:22-64
12
13    <application
13-->src/main/AndroidManifest.xml:7:5-18:19
14        android:name="ru.dkkovalev.serics.androidApp.SericsApplication"
14-->src/main/AndroidManifest.xml:8:9-42
15        android:allowBackup="false"
15-->src/main/AndroidManifest.xml:9:9-36
16        android:appComponentFactory="androidx.core.app.CoreComponentFactory"
16-->[androidx.core:core:1.3.1] AndroidManifest.xml:24:18-86
17        android:debuggable="true"
18        android:extractNativeLibs="false"
19        android:supportsRtl="true"
19-->src/main/AndroidManifest.xml:10:9-35
20        android:theme="@style/AppTheme" >
20-->src/main/AndroidManifest.xml:11:9-40
21        <activity android:name="ru.dkkovalev.serics.androidApp.MainActivity" >
21-->src/main/AndroidManifest.xml:12:9-17:20
21-->src/main/AndroidManifest.xml:12:19-47
22            <intent-filter>
22-->src/main/AndroidManifest.xml:13:13-16:29
23                <action android:name="android.intent.action.MAIN" />
23-->src/main/AndroidManifest.xml:14:17-69
23-->src/main/AndroidManifest.xml:14:25-66
24
25                <category android:name="android.intent.category.LAUNCHER" />
25-->src/main/AndroidManifest.xml:15:17-77
25-->src/main/AndroidManifest.xml:15:27-74
26            </intent-filter>
27        </activity>
28
29        <provider
29-->[com.russhwolf:multiplatform-settings-no-arg-android-debug:0.7] AndroidManifest.xml:24:9-32:20
30            android:name="androidx.startup.InitializationProvider"
30-->[com.russhwolf:multiplatform-settings-no-arg-android-debug:0.7] AndroidManifest.xml:25:13-67
31            android:authorities="ru.dkkovalev.serics.androidApp.androidx-startup"
31-->[com.russhwolf:multiplatform-settings-no-arg-android-debug:0.7] AndroidManifest.xml:26:13-68
32            android:exported="false" >
32-->[com.russhwolf:multiplatform-settings-no-arg-android-debug:0.7] AndroidManifest.xml:27:13-37
33            <meta-data
33-->[com.russhwolf:multiplatform-settings-no-arg-android-debug:0.7] AndroidManifest.xml:29:13-31:52
34                android:name="com.russhwolf.settings.SettingsInitializer"
34-->[com.russhwolf:multiplatform-settings-no-arg-android-debug:0.7] AndroidManifest.xml:30:17-74
35                android:value="androidx.startup" />
35-->[com.russhwolf:multiplatform-settings-no-arg-android-debug:0.7] AndroidManifest.xml:31:17-49
36        </provider>
37    </application>
38
39</manifest>